[0.121s] DEBUG:colcon:Command line arguments: ['/usr/bin/colcon', 'build']
[0.121s] DEBUG:colcon:Parsed command line arguments: Namespace(log_base=None, log_level=None, verb_name='build', build_base='build', install_base='install', merge_install=False, symlink_install=False, test_result_base=None, continue_on_error=False, executor='parallel', parallel_workers=8, event_handlers=None, ignore_user_meta=False, metas=['./colcon.meta'], base_paths=['.'], packages_ignore=None, packages_ignore_regex=None, paths=None, packages_up_to=None, packages_up_to_regex=None, packages_above=None, packages_above_and_dependencies=None, packages_above_depth=None, packages_select_by_dep=None, packages_skip_by_dep=None, packages_skip_up_to=None, packages_select_build_failed=False, packages_skip_build_finished=False, packages_select_test_failures=False, packages_skip_test_passed=False, packages_select=None, packages_skip=None, packages_select_regex=None, packages_skip_regex=None, packages_start=None, packages_end=None, allow_overriding=[], cmake_args=None, cmake_target=None, cmake_target_skip_unavailable=False, cmake_clean_cache=False, cmake_clean_first=False, cmake_force_configure=False, ament_cmake_args=None, catkin_cmake_args=None, catkin_skip_building_tests=False, verb_parser=<colcon_defaults.argument_parser.defaults.DefaultArgumentsDecorator object at 0x7fdc40ab5540>, verb_extension=<colcon_core.verb.build.BuildVerb object at 0x7fdc40c361d0>, main=<bound method BuildVerb.main of <colcon_core.verb.build.BuildVerb object at 0x7fdc40c361d0>>)
[0.320s] Level 1:colcon.colcon_core.package_discovery:discover_packages(colcon_meta) check parameters
[0.320s] Level 1:colcon.colcon_core.package_discovery:discover_packages(recursive) check parameters
[0.320s] Level 1:colcon.colcon_core.package_discovery:discover_packages(ignore) check parameters
[0.320s] Level 1:colcon.colcon_core.package_discovery:discover_packages(path) check parameters
[0.320s] Level 1:colcon.colcon_core.package_discovery:discover_packages(colcon_meta) discover
[0.320s] Level 1:colcon.colcon_core.package_discovery:discover_packages(recursive) discover
[0.320s] INFO:colcon.colcon_core.package_discovery:Crawling recursively for packages in '/home/xgs/code/hello_world'
[0.320s] Level 1:colcon.colcon_core.package_identification:_identify(.) by extensions ['ignore', 'ignore_ament_install']
[0.321s] Level 1:colcon.colcon_core.package_identification:_identify(.) by extension 'ignore'
[0.321s] Level 1:colcon.colcon_core.package_identification:_identify(.) by extension 'ignore_ament_install'
[0.321s] Level 1:colcon.colcon_core.package_identification:_identify(.) by extensions ['colcon_pkg']
[0.321s] Level 1:colcon.colcon_core.package_identification:_identify(.) by extension 'colcon_pkg'
[0.321s] Level 1:colcon.colcon_core.package_identification:_identify(.) by extensions ['colcon_meta']
[0.321s] Level 1:colcon.colcon_core.package_identification:_identify(.) by extension 'colcon_meta'
[0.321s] Level 1:colcon.colcon_core.package_identification:_identify(.) by extensions ['ros']
[0.321s] Level 1:colcon.colcon_core.package_identification:_identify(.) by extension 'ros'
[0.336s] DEBUG:colcon.colcon_core.package_identification:Package '.' with type 'ros.ament_cmake' and name 'hello_word'
[0.336s] Level 1:colcon.colcon_core.package_discovery:discover_packages(recursive) using defaults
[0.336s] Level 1:colcon.colcon_core.package_discovery:discover_packages(ignore) discover
[0.336s] Level 1:colcon.colcon_core.package_discovery:discover_packages(ignore) using defaults
[0.336s] Level 1:colcon.colcon_core.package_discovery:discover_packages(path) discover
[0.336s] Level 1:colcon.colcon_core.package_discovery:discover_packages(path) using defaults
[0.358s] Level 1:colcon.colcon_core.package_discovery:discover_packages(prefix_path) check parameters
[0.358s] Level 1:colcon.colcon_core.package_discovery:discover_packages(prefix_path) discover
[0.360s] DEBUG:colcon.colcon_installed_package_information.package_discovery:Found 1 installed packages in /home/xgs/code/hello_world/install
[0.361s] DEBUG:colcon.colcon_installed_package_information.package_discovery:Found 14 installed packages in /home/xgs/dev_ws/install
[0.362s] DEBUG:colcon.colcon_installed_package_information.package_discovery:Found 270 installed packages in /opt/ros/humble
[0.373s] Level 1:colcon.colcon_core.package_discovery:discover_packages(prefix_path) using defaults
[0.416s] Level 5:colcon.colcon_core.verb:set package 'hello_word' build argument 'cmake_args' from command line to 'None'
[0.416s] Level 5:colcon.colcon_core.verb:set package 'hello_word' build argument 'cmake_target' from command line to 'None'
[0.416s] Level 5:colcon.colcon_core.verb:set package 'hello_word' build argument 'cmake_target_skip_unavailable' from command line to 'False'
[0.416s] Level 5:colcon.colcon_core.verb:set package 'hello_word' build argument 'cmake_clean_cache' from command line to 'False'
[0.416s] Level 5:colcon.colcon_core.verb:set package 'hello_word' build argument 'cmake_clean_first' from command line to 'False'
[0.416s] Level 5:colcon.colcon_core.verb:set package 'hello_word' build argument 'cmake_force_configure' from command line to 'False'
[0.416s] Level 5:colcon.colcon_core.verb:set package 'hello_word' build argument 'ament_cmake_args' from command line to 'None'
[0.416s] Level 5:colcon.colcon_core.verb:set package 'hello_word' build argument 'catkin_cmake_args' from command line to 'None'
[0.416s] Level 5:colcon.colcon_core.verb:set package 'hello_word' build argument 'catkin_skip_building_tests' from command line to 'False'
[0.416s] DEBUG:colcon.colcon_core.verb:Building package 'hello_word' with the following arguments: {'ament_cmake_args': None, 'build_base': '/home/xgs/code/hello_world/build/hello_word', 'catkin_cmake_args': None, 'catkin_skip_building_tests': False, 'cmake_args': None, 'cmake_clean_cache': False, 'cmake_clean_first': False, 'cmake_force_configure': False, 'cmake_target': None, 'cmake_target_skip_unavailable': False, 'install_base': '/home/xgs/code/hello_world/install/hello_word', 'merge_install': False, 'path': '/home/xgs/code/hello_world', 'symlink_install': False, 'test_result_base': None}
[0.416s] INFO:colcon.colcon_core.executor:Executing jobs using 'parallel' executor
[0.417s] DEBUG:colcon.colcon_parallel_executor.executor.parallel:run_until_complete
[0.417s] INFO:colcon.colcon_ros.task.ament_cmake.build:Building ROS package in '/home/xgs/code/hello_world' with build type 'ament_cmake'
[0.418s] INFO:colcon.colcon_cmake.task.cmake.build:Building CMake package in '/home/xgs/code/hello_world'
[0.420s] INFO:colcon.colcon_core.plugin_system:Skipping extension 'colcon_core.shell.bat': Not used on non-Windows systems
[0.421s] INFO:colcon.colcon_core.shell:Skip shell extension 'powershell' for command environment: Not usable outside of PowerShell
[0.421s] DEBUG:colcon.colcon_core.shell:Skip shell extension 'dsv' for command environment
[0.431s] DEBUG:colcon.colcon_core.event_handler.log_command:Invoking command in '/home/xgs/code/hello_world/build/hello_word': CMAKE_PREFIX_PATH=${CMAKE_PREFIX_PATH}:/home/xgs/dev_ws/install/learning_urdf:/home/xgs/dev_ws/install/learning_topic:/home/xgs/dev_ws/install/learning_tf:/home/xgs/dev_ws/install/learning_service:/home/xgs/dev_ws/install/learning_qos:/home/xgs/dev_ws/install/learning_pkg_python:/home/xgs/dev_ws/install/learning_parameter:/home/xgs/dev_ws/install/learning_node:/home/xgs/dev_ws/install/learning_launch:/home/xgs/dev_ws/install/learning_action:/home/xgs/dev_ws/install/learning_gazebo:/home/xgs/dev_ws/install/learning_cv:/opt/ros/humble /usr/bin/cmake --build /home/xgs/code/hello_world/build/hello_word -- -j8 -l8
[5.296s] DEBUG:colcon.colcon_core.event_handler.log_command:Invoked command in '/home/xgs/code/hello_world/build/hello_word' returned '0': CMAKE_PREFIX_PATH=${CMAKE_PREFIX_PATH}:/home/xgs/dev_ws/install/learning_urdf:/home/xgs/dev_ws/install/learning_topic:/home/xgs/dev_ws/install/learning_tf:/home/xgs/dev_ws/install/learning_service:/home/xgs/dev_ws/install/learning_qos:/home/xgs/dev_ws/install/learning_pkg_python:/home/xgs/dev_ws/install/learning_parameter:/home/xgs/dev_ws/install/learning_node:/home/xgs/dev_ws/install/learning_launch:/home/xgs/dev_ws/install/learning_action:/home/xgs/dev_ws/install/learning_gazebo:/home/xgs/dev_ws/install/learning_cv:/opt/ros/humble /usr/bin/cmake --build /home/xgs/code/hello_world/build/hello_word -- -j8 -l8
[5.341s] DEBUG:colcon.colcon_core.event_handler.log_command:Invoking command in '/home/xgs/code/hello_world/build/hello_word': CMAKE_PREFIX_PATH=${CMAKE_PREFIX_PATH}:/home/xgs/dev_ws/install/learning_urdf:/home/xgs/dev_ws/install/learning_topic:/home/xgs/dev_ws/install/learning_tf:/home/xgs/dev_ws/install/learning_service:/home/xgs/dev_ws/install/learning_qos:/home/xgs/dev_ws/install/learning_pkg_python:/home/xgs/dev_ws/install/learning_parameter:/home/xgs/dev_ws/install/learning_node:/home/xgs/dev_ws/install/learning_launch:/home/xgs/dev_ws/install/learning_action:/home/xgs/dev_ws/install/learning_gazebo:/home/xgs/dev_ws/install/learning_cv:/opt/ros/humble /usr/bin/cmake --install /home/xgs/code/hello_world/build/hello_word
[5.357s] Level 1:colcon.colcon_core.environment:create_environment_scripts_only(hello_word)
[5.357s] DEBUG:colcon.colcon_core.event_handler.log_command:Invoked command in '/home/xgs/code/hello_world/build/hello_word' returned '0': CMAKE_PREFIX_PATH=${CMAKE_PREFIX_PATH}:/home/xgs/dev_ws/install/learning_urdf:/home/xgs/dev_ws/install/learning_topic:/home/xgs/dev_ws/install/learning_tf:/home/xgs/dev_ws/install/learning_service:/home/xgs/dev_ws/install/learning_qos:/home/xgs/dev_ws/install/learning_pkg_python:/home/xgs/dev_ws/install/learning_parameter:/home/xgs/dev_ws/install/learning_node:/home/xgs/dev_ws/install/learning_launch:/home/xgs/dev_ws/install/learning_action:/home/xgs/dev_ws/install/learning_gazebo:/home/xgs/dev_ws/install/learning_cv:/opt/ros/humble /usr/bin/cmake --install /home/xgs/code/hello_world/build/hello_word
[5.361s] Level 1:colcon.colcon_core.environment:checking '/home/xgs/code/hello_world/install/hello_word' for CMake module files
[5.362s] Level 1:colcon.colcon_core.environment:checking '/home/xgs/code/hello_world/install/hello_word' for CMake config files
[5.362s] Level 1:colcon.colcon_core.shell:create_environment_hook('hello_word', 'cmake_prefix_path')
[5.362s] INFO:colcon.colcon_core.shell:Creating environment hook '/home/xgs/code/hello_world/install/hello_word/share/hello_word/hook/cmake_prefix_path.ps1'
[5.363s] INFO:colcon.colcon_core.shell:Creating environment descriptor '/home/xgs/code/hello_world/install/hello_word/share/hello_word/hook/cmake_prefix_path.dsv'
[5.364s] INFO:colcon.colcon_core.shell:Creating environment hook '/home/xgs/code/hello_world/install/hello_word/share/hello_word/hook/cmake_prefix_path.sh'
[5.365s] Level 1:colcon.colcon_core.environment:checking '/home/xgs/code/hello_world/install/hello_word/lib'
[5.365s] Level 1:colcon.colcon_core.environment:checking '/home/xgs/code/hello_world/install/hello_word/bin'
[5.365s] Level 1:colcon.colcon_core.environment:checking '/home/xgs/code/hello_world/install/hello_word/lib/pkgconfig/hello_word.pc'
[5.366s] Level 1:colcon.colcon_core.environment:checking '/home/xgs/code/hello_world/install/hello_word/lib/python3.10/site-packages'
[5.366s] Level 1:colcon.colcon_core.environment:checking '/home/xgs/code/hello_world/install/hello_word/bin'
[5.366s] INFO:colcon.colcon_core.shell:Creating package script '/home/xgs/code/hello_world/install/hello_word/share/hello_word/package.ps1'
[5.367s] INFO:colcon.colcon_core.shell:Creating package descriptor '/home/xgs/code/hello_world/install/hello_word/share/hello_word/package.dsv'
[5.368s] INFO:colcon.colcon_core.shell:Creating package script '/home/xgs/code/hello_world/install/hello_word/share/hello_word/package.sh'
[5.369s] INFO:colcon.colcon_core.shell:Creating package script '/home/xgs/code/hello_world/install/hello_word/share/hello_word/package.bash'
[5.370s] INFO:colcon.colcon_core.shell:Creating package script '/home/xgs/code/hello_world/install/hello_word/share/hello_word/package.zsh'
[5.371s] Level 1:colcon.colcon_core.environment:create_file_with_runtime_dependencies(/home/xgs/code/hello_world/install/hello_word/share/colcon-core/packages/hello_word)
[5.404s] Level 1:colcon.colcon_core.environment:create_environment_scripts_only(hello_word)
[5.405s] Level 1:colcon.colcon_core.environment:checking '/home/xgs/code/hello_world/install/hello_word' for CMake module files
[5.405s] Level 1:colcon.colcon_core.environment:checking '/home/xgs/code/hello_world/install/hello_word' for CMake config files
[5.406s] Level 1:colcon.colcon_core.shell:create_environment_hook('hello_word', 'cmake_prefix_path')
[5.406s] INFO:colcon.colcon_core.shell:Creating environment hook '/home/xgs/code/hello_world/install/hello_word/share/hello_word/hook/cmake_prefix_path.ps1'
[5.407s] INFO:colcon.colcon_core.shell:Creating environment descriptor '/home/xgs/code/hello_world/install/hello_word/share/hello_word/hook/cmake_prefix_path.dsv'
[5.407s] INFO:colcon.colcon_core.shell:Creating environment hook '/home/xgs/code/hello_world/install/hello_word/share/hello_word/hook/cmake_prefix_path.sh'
[5.408s] Level 1:colcon.colcon_core.environment:checking '/home/xgs/code/hello_world/install/hello_word/lib'
[5.408s] Level 1:colcon.colcon_core.environment:checking '/home/xgs/code/hello_world/install/hello_word/bin'
[5.408s] Level 1:colcon.colcon_core.environment:checking '/home/xgs/code/hello_world/install/hello_word/lib/pkgconfig/hello_word.pc'
[5.408s] Level 1:colcon.colcon_core.environment:checking '/home/xgs/code/hello_world/install/hello_word/lib/python3.10/site-packages'
[5.409s] Level 1:colcon.colcon_core.environment:checking '/home/xgs/code/hello_world/install/hello_word/bin'
[5.409s] INFO:colcon.colcon_core.shell:Creating package script '/home/xgs/code/hello_world/install/hello_word/share/hello_word/package.ps1'
[5.410s] INFO:colcon.colcon_core.shell:Creating package descriptor '/home/xgs/code/hello_world/install/hello_word/share/hello_word/package.dsv'
[5.411s] INFO:colcon.colcon_core.shell:Creating package script '/home/xgs/code/hello_world/install/hello_word/share/hello_word/package.sh'
[5.412s] INFO:colcon.colcon_core.shell:Creating package script '/home/xgs/code/hello_world/install/hello_word/share/hello_word/package.bash'
[5.412s] INFO:colcon.colcon_core.shell:Creating package script '/home/xgs/code/hello_world/install/hello_word/share/hello_word/package.zsh'
[5.413s] Level 1:colcon.colcon_core.environment:create_file_with_runtime_dependencies(/home/xgs/code/hello_world/install/hello_word/share/colcon-core/packages/hello_word)
[5.413s] DEBUG:colcon.colcon_parallel_executor.executor.parallel:closing loop
[5.414s] DEBUG:colcon.colcon_parallel_executor.executor.parallel:loop closed
[5.415s] DEBUG:colcon.colcon_parallel_executor.executor.parallel:run_until_complete finished with '0'
[5.415s] DEBUG:colcon.colcon_core.event_reactor:joining thread
[5.424s] INFO:colcon.colcon_core.plugin_system:Skipping extension 'colcon_notification.desktop_notification.terminal_notifier': Not used on non-Darwin systems
[5.424s] INFO:colcon.colcon_core.plugin_system:Skipping extension 'colcon_notification.desktop_notification.win32': Not used on non-Windows systems
[5.425s] INFO:colcon.colcon_notification.desktop_notification:Sending desktop notification using 'notify2'
[5.443s] DEBUG:colcon.colcon_core.event_reactor:joined thread
[5.444s] INFO:colcon.colcon_core.shell:Creating prefix script '/home/xgs/code/hello_world/install/local_setup.ps1'
[5.445s] INFO:colcon.colcon_core.shell:Creating prefix util module '/home/xgs/code/hello_world/install/_local_setup_util_ps1.py'
[5.448s] INFO:colcon.colcon_core.shell:Creating prefix chain script '/home/xgs/code/hello_world/install/setup.ps1'
[5.451s] INFO:colcon.colcon_core.shell:Creating prefix script '/home/xgs/code/hello_world/install/local_setup.sh'
[5.452s] INFO:colcon.colcon_core.shell:Creating prefix util module '/home/xgs/code/hello_world/install/_local_setup_util_sh.py'
[5.453s] INFO:colcon.colcon_core.shell:Creating prefix chain script '/home/xgs/code/hello_world/install/setup.sh'
[5.455s] INFO:colcon.colcon_core.shell:Creating prefix script '/home/xgs/code/hello_world/install/local_setup.bash'
[5.456s] INFO:colcon.colcon_core.shell:Creating prefix chain script '/home/xgs/code/hello_world/install/setup.bash'
[5.458s] INFO:colcon.colcon_core.shell:Creating prefix script '/home/xgs/code/hello_world/install/local_setup.zsh'
[5.459s] INFO:colcon.colcon_core.shell:Creating prefix chain script '/home/xgs/code/hello_world/install/setup.zsh'
