[0.013s] Invoking command in '/home/xgs/code/hello_world/build/hello_word': CMAKE_PREFIX_PATH=${CMAKE_PREFIX_PATH}:/home/xgs/dev_ws/install/learning_urdf:/home/xgs/dev_ws/install/learning_topic:/home/xgs/dev_ws/install/learning_tf:/home/xgs/dev_ws/install/learning_service:/home/xgs/dev_ws/install/learning_qos:/home/xgs/dev_ws/install/learning_pkg_python:/home/xgs/dev_ws/install/learning_parameter:/home/xgs/dev_ws/install/learning_node:/home/xgs/dev_ws/install/learning_launch:/home/xgs/dev_ws/install/learning_action:/home/xgs/dev_ws/install/learning_gazebo:/home/xgs/dev_ws/install/learning_cv:/opt/ros/humble /usr/bin/cmake /home/xgs/code/hello_world -DCMAKE_INSTALL_PREFIX=/home/xgs/code/hello_world/install/hello_word
[0.106s] -- The C compiler identification is GNU 11.4.0
[0.248s] -- The CXX compiler identification is GNU 11.4.0
[0.259s] -- Detecting C compiler ABI info
[0.358s] -- Detecting C compiler ABI info - done
[0.372s] -- Check for working C compiler: /usr/bin/cc - skipped
[0.373s] -- Detecting C compile features
[0.373s] -- Detecting C compile features - done
[0.379s] -- Detecting CXX compiler ABI info
[0.480s] -- Detecting CXX compiler ABI info - done
[0.492s] -- Check for working CXX compiler: /usr/bin/c++ - skipped
[0.493s] -- Detecting CXX compile features
[0.494s] -- Detecting CXX compile features - done
[0.504s] -- Found ament_cmake: 1.3.8 (/opt/ros/humble/share/ament_cmake/cmake)
[0.726s] -- Found Python3: /usr/bin/python3 (found version "3.10.12") found components: Interpreter 
[0.878s] -- Found ament_lint_auto: 0.12.10 (/opt/ros/humble/share/ament_lint_auto/cmake)
[0.997s] -- Found rclcpp: 16.0.8 (/opt/ros/humble/share/rclcpp/cmake)
[1.076s] -- Found rosidl_generator_c: 3.1.5 (/opt/ros/humble/share/rosidl_generator_c/cmake)
[1.086s] -- Found rosidl_adapter: 3.1.5 (/opt/ros/humble/share/rosidl_adapter/cmake)
[1.101s] -- Found rosidl_generator_cpp: 3.1.5 (/opt/ros/humble/share/rosidl_generator_cpp/cmake)
[1.125s] -- Using all available rosidl_typesupport_c: rosidl_typesupport_fastrtps_c;rosidl_typesupport_introspection_c
[1.158s] -- Using all available rosidl_typesupport_cpp: rosidl_typesupport_fastrtps_cpp;rosidl_typesupport_introspection_cpp
[1.272s] -- Found rmw_implementation_cmake: 6.1.1 (/opt/ros/humble/share/rmw_implementation_cmake/cmake)
[1.280s] -- Found rmw_fastrtps_cpp: 6.2.6 (/opt/ros/humble/share/rmw_fastrtps_cpp/cmake)
[1.424s] -- Found OpenSSL: /usr/lib/x86_64-linux-gnu/libcrypto.so (found version "3.0.2")  
[1.465s] -- Found FastRTPS: /opt/ros/humble/include  
[1.534s] -- Using RMW implementation 'rmw_fastrtps_cpp' as default
[1.558s] -- Looking for pthread.h
[1.656s] -- Looking for pthread.h - found
[1.656s] -- Performing Test CMAKE_HAVE_LIBC_PTHREAD
[1.748s] -- Performing Test CMAKE_HAVE_LIBC_PTHREAD - Success
[1.750s] -- Found Threads: TRUE  
[2.002s] -- Added test 'cppcheck' to perform static code analysis on C / C++ code
[2.003s] -- Configured cppcheck include dirs: 
[2.003s] -- Configured cppcheck exclude dirs and/or files: 
[2.007s] -- Added test 'lint_cmake' to check CMake code style
[2.018s] -- Added test 'uncrustify' to check C / C++ code style
[2.018s] -- Configured uncrustify additional arguments: 
[2.020s] -- Added test 'xmllint' to check XML markup files
[2.022s] -- Configuring done
[2.035s] -- Generating done
[2.037s] -- Build files have been written to: /home/xgs/code/hello_world/build/hello_word
[2.049s] Invoked command in '/home/xgs/code/hello_world/build/hello_word' returned '0': CMAKE_PREFIX_PATH=${CMAKE_PREFIX_PATH}:/home/xgs/dev_ws/install/learning_urdf:/home/xgs/dev_ws/install/learning_topic:/home/xgs/dev_ws/install/learning_tf:/home/xgs/dev_ws/install/learning_service:/home/xgs/dev_ws/install/learning_qos:/home/xgs/dev_ws/install/learning_pkg_python:/home/xgs/dev_ws/install/learning_parameter:/home/xgs/dev_ws/install/learning_node:/home/xgs/dev_ws/install/learning_launch:/home/xgs/dev_ws/install/learning_action:/home/xgs/dev_ws/install/learning_gazebo:/home/xgs/dev_ws/install/learning_cv:/opt/ros/humble /usr/bin/cmake /home/xgs/code/hello_world -DCMAKE_INSTALL_PREFIX=/home/xgs/code/hello_world/install/hello_word
[2.052s] Invoking command in '/home/xgs/code/hello_world/build/hello_word': CMAKE_PREFIX_PATH=${CMAKE_PREFIX_PATH}:/home/xgs/dev_ws/install/learning_urdf:/home/xgs/dev_ws/install/learning_topic:/home/xgs/dev_ws/install/learning_tf:/home/xgs/dev_ws/install/learning_service:/home/xgs/dev_ws/install/learning_qos:/home/xgs/dev_ws/install/learning_pkg_python:/home/xgs/dev_ws/install/learning_parameter:/home/xgs/dev_ws/install/learning_node:/home/xgs/dev_ws/install/learning_launch:/home/xgs/dev_ws/install/learning_action:/home/xgs/dev_ws/install/learning_gazebo:/home/xgs/dev_ws/install/learning_cv:/opt/ros/humble /usr/bin/cmake --build /home/xgs/code/hello_world/build/hello_word -- -j8 -l8
[2.109s] [ 50%] [32mBuilding CXX object CMakeFiles/hello_world.dir/src/hello_world.cpp.o[0m
[7.516s] [100%] [32m[1mLinking CXX executable hello_world[0m
[7.791s] [100%] Built target hello_world
[7.806s] Invoked command in '/home/xgs/code/hello_world/build/hello_word' returned '0': CMAKE_PREFIX_PATH=${CMAKE_PREFIX_PATH}:/home/xgs/dev_ws/install/learning_urdf:/home/xgs/dev_ws/install/learning_topic:/home/xgs/dev_ws/install/learning_tf:/home/xgs/dev_ws/install/learning_service:/home/xgs/dev_ws/install/learning_qos:/home/xgs/dev_ws/install/learning_pkg_python:/home/xgs/dev_ws/install/learning_parameter:/home/xgs/dev_ws/install/learning_node:/home/xgs/dev_ws/install/learning_launch:/home/xgs/dev_ws/install/learning_action:/home/xgs/dev_ws/install/learning_gazebo:/home/xgs/dev_ws/install/learning_cv:/opt/ros/humble /usr/bin/cmake --build /home/xgs/code/hello_world/build/hello_word -- -j8 -l8
[7.857s] Invoking command in '/home/xgs/code/hello_world/build/hello_word': CMAKE_PREFIX_PATH=${CMAKE_PREFIX_PATH}:/home/xgs/dev_ws/install/learning_urdf:/home/xgs/dev_ws/install/learning_topic:/home/xgs/dev_ws/install/learning_tf:/home/xgs/dev_ws/install/learning_service:/home/xgs/dev_ws/install/learning_qos:/home/xgs/dev_ws/install/learning_pkg_python:/home/xgs/dev_ws/install/learning_parameter:/home/xgs/dev_ws/install/learning_node:/home/xgs/dev_ws/install/learning_launch:/home/xgs/dev_ws/install/learning_action:/home/xgs/dev_ws/install/learning_gazebo:/home/xgs/dev_ws/install/learning_cv:/opt/ros/humble /usr/bin/cmake --install /home/xgs/code/hello_world/build/hello_word
[7.868s] -- Install configuration: ""
[7.868s] -- Installing: /home/xgs/code/hello_world/install/hello_word/lib/hello_word/hello_world
[7.871s] -- Set runtime path of "/home/xgs/code/hello_world/install/hello_word/lib/hello_word/hello_world" to ""
[7.871s] -- Installing: /home/xgs/code/hello_world/install/hello_word/share/ament_index/resource_index/package_run_dependencies/hello_word
[7.871s] -- Installing: /home/xgs/code/hello_world/install/hello_word/share/ament_index/resource_index/parent_prefix_path/hello_word
[7.872s] -- Installing: /home/xgs/code/hello_world/install/hello_word/share/hello_word/environment/ament_prefix_path.sh
[7.872s] -- Installing: /home/xgs/code/hello_world/install/hello_word/share/hello_word/environment/ament_prefix_path.dsv
[7.872s] -- Installing: /home/xgs/code/hello_world/install/hello_word/share/hello_word/environment/path.sh
[7.873s] -- Installing: /home/xgs/code/hello_world/install/hello_word/share/hello_word/environment/path.dsv
[7.873s] -- Installing: /home/xgs/code/hello_world/install/hello_word/share/hello_word/local_setup.bash
[7.873s] -- Installing: /home/xgs/code/hello_world/install/hello_word/share/hello_word/local_setup.sh
[7.873s] -- Installing: /home/xgs/code/hello_world/install/hello_word/share/hello_word/local_setup.zsh
[7.873s] -- Installing: /home/xgs/code/hello_world/install/hello_word/share/hello_word/local_setup.dsv
[7.874s] -- Installing: /home/xgs/code/hello_world/install/hello_word/share/hello_word/package.dsv
[7.874s] -- Installing: /home/xgs/code/hello_world/install/hello_word/share/ament_index/resource_index/packages/hello_word
[7.874s] -- Installing: /home/xgs/code/hello_world/install/hello_word/share/hello_word/cmake/hello_wordConfig.cmake
[7.875s] -- Installing: /home/xgs/code/hello_world/install/hello_word/share/hello_word/cmake/hello_wordConfig-version.cmake
[7.875s] -- Installing: /home/xgs/code/hello_world/install/hello_word/share/hello_word/package.xml
[7.878s] Invoked command in '/home/xgs/code/hello_world/build/hello_word' returned '0': CMAKE_PREFIX_PATH=${CMAKE_PREFIX_PATH}:/home/xgs/dev_ws/install/learning_urdf:/home/xgs/dev_ws/install/learning_topic:/home/xgs/dev_ws/install/learning_tf:/home/xgs/dev_ws/install/learning_service:/home/xgs/dev_ws/install/learning_qos:/home/xgs/dev_ws/install/learning_pkg_python:/home/xgs/dev_ws/install/learning_parameter:/home/xgs/dev_ws/install/learning_node:/home/xgs/dev_ws/install/learning_launch:/home/xgs/dev_ws/install/learning_action:/home/xgs/dev_ws/install/learning_gazebo:/home/xgs/dev_ws/install/learning_cv:/opt/ros/humble /usr/bin/cmake --install /home/xgs/code/hello_world/build/hello_word
