[0.168s] DEBUG:colcon:Command line arguments: ['/usr/bin/colcon', 'build']
[0.168s] DEBUG:colcon:Parsed command line arguments: Namespace(log_base=None, log_level=None, verb_name='build', build_base='build', install_base='install', merge_install=False, symlink_install=False, test_result_base=None, continue_on_error=False, executor='parallel', parallel_workers=8, event_handlers=None, ignore_user_meta=False, metas=['./colcon.meta'], base_paths=['.'], packages_ignore=None, packages_ignore_regex=None, paths=None, packages_up_to=None, packages_up_to_regex=None, packages_above=None, packages_above_and_dependencies=None, packages_above_depth=None, packages_select_by_dep=None, packages_skip_by_dep=None, packages_skip_up_to=None, packages_select_build_failed=False, packages_skip_build_finished=False, packages_select_test_failures=False, packages_skip_test_passed=False, packages_select=None, packages_skip=None, packages_select_regex=None, packages_skip_regex=None, packages_start=None, packages_end=None, allow_overriding=[], cmake_args=None, cmake_target=None, cmake_target_skip_unavailable=False, cmake_clean_cache=False, cmake_clean_first=False, cmake_force_configure=False, ament_cmake_args=None, catkin_cmake_args=None, catkin_skip_building_tests=False, verb_parser=<colcon_defaults.argument_parser.defaults.DefaultArgumentsDecorator object at 0x7f0fdef49540>, verb_extension=<colcon_core.verb.build.BuildVerb object at 0x7f0fdf0ce1d0>, main=<bound method BuildVerb.main of <colcon_core.verb.build.BuildVerb object at 0x7f0fdf0ce1d0>>)
[0.450s] Level 1:colcon.colcon_core.package_discovery:discover_packages(colcon_meta) check parameters
[0.450s] Level 1:colcon.colcon_core.package_discovery:discover_packages(recursive) check parameters
[0.450s] Level 1:colcon.colcon_core.package_discovery:discover_packages(ignore) check parameters
[0.450s] Level 1:colcon.colcon_core.package_discovery:discover_packages(path) check parameters
[0.450s] Level 1:colcon.colcon_core.package_discovery:discover_packages(colcon_meta) discover
[0.450s] Level 1:colcon.colcon_core.package_discovery:discover_packages(recursive) discover
[0.450s] INFO:colcon.colcon_core.package_discovery:Crawling recursively for packages in '/home/xgs/code/hello_world'
[0.450s] Level 1:colcon.colcon_core.package_identification:_identify(.) by extensions ['ignore', 'ignore_ament_install']
[0.450s] Level 1:colcon.colcon_core.package_identification:_identify(.) by extension 'ignore'
[0.450s] Level 1:colcon.colcon_core.package_identification:_identify(.) by extension 'ignore_ament_install'
[0.451s] Level 1:colcon.colcon_core.package_identification:_identify(.) by extensions ['colcon_pkg']
[0.451s] Level 1:colcon.colcon_core.package_identification:_identify(.) by extension 'colcon_pkg'
[0.451s] Level 1:colcon.colcon_core.package_identification:_identify(.) by extensions ['colcon_meta']
[0.451s] Level 1:colcon.colcon_core.package_identification:_identify(.) by extension 'colcon_meta'
[0.451s] Level 1:colcon.colcon_core.package_identification:_identify(.) by extensions ['ros']
[0.451s] Level 1:colcon.colcon_core.package_identification:_identify(.) by extension 'ros'
[0.469s] DEBUG:colcon.colcon_core.package_identification:Package '.' with type 'ros.ament_cmake' and name 'hello_word'
[0.469s] Level 1:colcon.colcon_core.package_discovery:discover_packages(recursive) using defaults
[0.469s] Level 1:colcon.colcon_core.package_discovery:discover_packages(ignore) discover
[0.469s] Level 1:colcon.colcon_core.package_discovery:discover_packages(ignore) using defaults
[0.469s] Level 1:colcon.colcon_core.package_discovery:discover_packages(path) discover
[0.469s] Level 1:colcon.colcon_core.package_discovery:discover_packages(path) using defaults
[0.497s] Level 1:colcon.colcon_core.package_discovery:discover_packages(prefix_path) check parameters
[0.497s] Level 1:colcon.colcon_core.package_discovery:discover_packages(prefix_path) discover
[0.502s] DEBUG:colcon.colcon_installed_package_information.package_discovery:Found 14 installed packages in /home/xgs/dev_ws/install
[0.504s] DEBUG:colcon.colcon_installed_package_information.package_discovery:Found 270 installed packages in /opt/ros/humble
[0.517s] Level 1:colcon.colcon_core.package_discovery:discover_packages(prefix_path) using defaults
[0.569s] Level 5:colcon.colcon_core.verb:set package 'hello_word' build argument 'cmake_args' from command line to 'None'
[0.569s] Level 5:colcon.colcon_core.verb:set package 'hello_word' build argument 'cmake_target' from command line to 'None'
[0.569s] Level 5:colcon.colcon_core.verb:set package 'hello_word' build argument 'cmake_target_skip_unavailable' from command line to 'False'
[0.569s] Level 5:colcon.colcon_core.verb:set package 'hello_word' build argument 'cmake_clean_cache' from command line to 'False'
[0.569s] Level 5:colcon.colcon_core.verb:set package 'hello_word' build argument 'cmake_clean_first' from command line to 'False'
[0.569s] Level 5:colcon.colcon_core.verb:set package 'hello_word' build argument 'cmake_force_configure' from command line to 'False'
[0.569s] Level 5:colcon.colcon_core.verb:set package 'hello_word' build argument 'ament_cmake_args' from command line to 'None'
[0.569s] Level 5:colcon.colcon_core.verb:set package 'hello_word' build argument 'catkin_cmake_args' from command line to 'None'
[0.569s] Level 5:colcon.colcon_core.verb:set package 'hello_word' build argument 'catkin_skip_building_tests' from command line to 'False'
[0.570s] DEBUG:colcon.colcon_core.verb:Building package 'hello_word' with the following arguments: {'ament_cmake_args': None, 'build_base': '/home/xgs/code/hello_world/build/hello_word', 'catkin_cmake_args': None, 'catkin_skip_building_tests': False, 'cmake_args': None, 'cmake_clean_cache': False, 'cmake_clean_first': False, 'cmake_force_configure': False, 'cmake_target': None, 'cmake_target_skip_unavailable': False, 'install_base': '/home/xgs/code/hello_world/install/hello_word', 'merge_install': False, 'path': '/home/xgs/code/hello_world', 'symlink_install': False, 'test_result_base': None}
[0.570s] INFO:colcon.colcon_core.executor:Executing jobs using 'parallel' executor
[0.571s] DEBUG:colcon.colcon_parallel_executor.executor.parallel:run_until_complete
[0.571s] INFO:colcon.colcon_ros.task.ament_cmake.build:Building ROS package in '/home/xgs/code/hello_world' with build type 'ament_cmake'
[0.571s] INFO:colcon.colcon_cmake.task.cmake.build:Building CMake package in '/home/xgs/code/hello_world'
[0.575s] INFO:colcon.colcon_core.plugin_system:Skipping extension 'colcon_core.shell.bat': Not used on non-Windows systems
[0.576s] INFO:colcon.colcon_core.shell:Skip shell extension 'powershell' for command environment: Not usable outside of PowerShell
[0.576s] DEBUG:colcon.colcon_core.shell:Skip shell extension 'dsv' for command environment
[0.585s] DEBUG:colcon.colcon_core.event_handler.log_command:Invoking command in '/home/xgs/code/hello_world/build/hello_word': CMAKE_PREFIX_PATH=${CMAKE_PREFIX_PATH}:/home/xgs/dev_ws/install/learning_urdf:/home/xgs/dev_ws/install/learning_topic:/home/xgs/dev_ws/install/learning_tf:/home/xgs/dev_ws/install/learning_service:/home/xgs/dev_ws/install/learning_qos:/home/xgs/dev_ws/install/learning_pkg_python:/home/xgs/dev_ws/install/learning_parameter:/home/xgs/dev_ws/install/learning_node:/home/xgs/dev_ws/install/learning_launch:/home/xgs/dev_ws/install/learning_action:/home/xgs/dev_ws/install/learning_gazebo:/home/xgs/dev_ws/install/learning_cv:/opt/ros/humble /usr/bin/cmake /home/xgs/code/hello_world -DCMAKE_INSTALL_PREFIX=/home/xgs/code/hello_world/install/hello_word
[2.620s] DEBUG:colcon.colcon_core.event_handler.log_command:Invoked command in '/home/xgs/code/hello_world/build/hello_word' returned '0': CMAKE_PREFIX_PATH=${CMAKE_PREFIX_PATH}:/home/xgs/dev_ws/install/learning_urdf:/home/xgs/dev_ws/install/learning_topic:/home/xgs/dev_ws/install/learning_tf:/home/xgs/dev_ws/install/learning_service:/home/xgs/dev_ws/install/learning_qos:/home/xgs/dev_ws/install/learning_pkg_python:/home/xgs/dev_ws/install/learning_parameter:/home/xgs/dev_ws/install/learning_node:/home/xgs/dev_ws/install/learning_launch:/home/xgs/dev_ws/install/learning_action:/home/xgs/dev_ws/install/learning_gazebo:/home/xgs/dev_ws/install/learning_cv:/opt/ros/humble /usr/bin/cmake /home/xgs/code/hello_world -DCMAKE_INSTALL_PREFIX=/home/xgs/code/hello_world/install/hello_word
[2.623s] DEBUG:colcon.colcon_core.event_handler.log_command:Invoking command in '/home/xgs/code/hello_world/build/hello_word': CMAKE_PREFIX_PATH=${CMAKE_PREFIX_PATH}:/home/xgs/dev_ws/install/learning_urdf:/home/xgs/dev_ws/install/learning_topic:/home/xgs/dev_ws/install/learning_tf:/home/xgs/dev_ws/install/learning_service:/home/xgs/dev_ws/install/learning_qos:/home/xgs/dev_ws/install/learning_pkg_python:/home/xgs/dev_ws/install/learning_parameter:/home/xgs/dev_ws/install/learning_node:/home/xgs/dev_ws/install/learning_launch:/home/xgs/dev_ws/install/learning_action:/home/xgs/dev_ws/install/learning_gazebo:/home/xgs/dev_ws/install/learning_cv:/opt/ros/humble /usr/bin/cmake --build /home/xgs/code/hello_world/build/hello_word -- -j8 -l8
[8.377s] DEBUG:colcon.colcon_core.event_handler.log_command:Invoked command in '/home/xgs/code/hello_world/build/hello_word' returned '0': CMAKE_PREFIX_PATH=${CMAKE_PREFIX_PATH}:/home/xgs/dev_ws/install/learning_urdf:/home/xgs/dev_ws/install/learning_topic:/home/xgs/dev_ws/install/learning_tf:/home/xgs/dev_ws/install/learning_service:/home/xgs/dev_ws/install/learning_qos:/home/xgs/dev_ws/install/learning_pkg_python:/home/xgs/dev_ws/install/learning_parameter:/home/xgs/dev_ws/install/learning_node:/home/xgs/dev_ws/install/learning_launch:/home/xgs/dev_ws/install/learning_action:/home/xgs/dev_ws/install/learning_gazebo:/home/xgs/dev_ws/install/learning_cv:/opt/ros/humble /usr/bin/cmake --build /home/xgs/code/hello_world/build/hello_word -- -j8 -l8
[8.429s] DEBUG:colcon.colcon_core.event_handler.log_command:Invoking command in '/home/xgs/code/hello_world/build/hello_word': CMAKE_PREFIX_PATH=${CMAKE_PREFIX_PATH}:/home/xgs/dev_ws/install/learning_urdf:/home/xgs/dev_ws/install/learning_topic:/home/xgs/dev_ws/install/learning_tf:/home/xgs/dev_ws/install/learning_service:/home/xgs/dev_ws/install/learning_qos:/home/xgs/dev_ws/install/learning_pkg_python:/home/xgs/dev_ws/install/learning_parameter:/home/xgs/dev_ws/install/learning_node:/home/xgs/dev_ws/install/learning_launch:/home/xgs/dev_ws/install/learning_action:/home/xgs/dev_ws/install/learning_gazebo:/home/xgs/dev_ws/install/learning_cv:/opt/ros/humble /usr/bin/cmake --install /home/xgs/code/hello_world/build/hello_word
[8.449s] Level 1:colcon.colcon_core.environment:create_environment_scripts_only(hello_word)
[8.450s] DEBUG:colcon.colcon_core.event_handler.log_command:Invoked command in '/home/xgs/code/hello_world/build/hello_word' returned '0': CMAKE_PREFIX_PATH=${CMAKE_PREFIX_PATH}:/home/xgs/dev_ws/install/learning_urdf:/home/xgs/dev_ws/install/learning_topic:/home/xgs/dev_ws/install/learning_tf:/home/xgs/dev_ws/install/learning_service:/home/xgs/dev_ws/install/learning_qos:/home/xgs/dev_ws/install/learning_pkg_python:/home/xgs/dev_ws/install/learning_parameter:/home/xgs/dev_ws/install/learning_node:/home/xgs/dev_ws/install/learning_launch:/home/xgs/dev_ws/install/learning_action:/home/xgs/dev_ws/install/learning_gazebo:/home/xgs/dev_ws/install/learning_cv:/opt/ros/humble /usr/bin/cmake --install /home/xgs/code/hello_world/build/hello_word
[8.456s] Level 1:colcon.colcon_core.environment:checking '/home/xgs/code/hello_world/install/hello_word' for CMake module files
[8.457s] Level 1:colcon.colcon_core.environment:checking '/home/xgs/code/hello_world/install/hello_word' for CMake config files
[8.457s] Level 1:colcon.colcon_core.shell:create_environment_hook('hello_word', 'cmake_prefix_path')
[8.458s] INFO:colcon.colcon_core.shell:Creating environment hook '/home/xgs/code/hello_world/install/hello_word/share/hello_word/hook/cmake_prefix_path.ps1'
[8.459s] INFO:colcon.colcon_core.shell:Creating environment descriptor '/home/xgs/code/hello_world/install/hello_word/share/hello_word/hook/cmake_prefix_path.dsv'
[8.459s] INFO:colcon.colcon_core.shell:Creating environment hook '/home/xgs/code/hello_world/install/hello_word/share/hello_word/hook/cmake_prefix_path.sh'
[8.461s] Level 1:colcon.colcon_core.environment:checking '/home/xgs/code/hello_world/install/hello_word/lib'
[8.461s] Level 1:colcon.colcon_core.environment:checking '/home/xgs/code/hello_world/install/hello_word/bin'
[8.461s] Level 1:colcon.colcon_core.environment:checking '/home/xgs/code/hello_world/install/hello_word/lib/pkgconfig/hello_word.pc'
[8.462s] Level 1:colcon.colcon_core.environment:checking '/home/xgs/code/hello_world/install/hello_word/lib/python3.10/site-packages'
[8.462s] Level 1:colcon.colcon_core.environment:checking '/home/xgs/code/hello_world/install/hello_word/bin'
[8.463s] INFO:colcon.colcon_core.shell:Creating package script '/home/xgs/code/hello_world/install/hello_word/share/hello_word/package.ps1'
[8.464s] INFO:colcon.colcon_core.shell:Creating package descriptor '/home/xgs/code/hello_world/install/hello_word/share/hello_word/package.dsv'
[8.465s] INFO:colcon.colcon_core.shell:Creating package script '/home/xgs/code/hello_world/install/hello_word/share/hello_word/package.sh'
[8.466s] INFO:colcon.colcon_core.shell:Creating package script '/home/xgs/code/hello_world/install/hello_word/share/hello_word/package.bash'
[8.467s] INFO:colcon.colcon_core.shell:Creating package script '/home/xgs/code/hello_world/install/hello_word/share/hello_word/package.zsh'
[8.468s] Level 1:colcon.colcon_core.environment:create_file_with_runtime_dependencies(/home/xgs/code/hello_world/install/hello_word/share/colcon-core/packages/hello_word)
[8.511s] Level 1:colcon.colcon_core.environment:create_environment_scripts_only(hello_word)
[8.511s] Level 1:colcon.colcon_core.environment:checking '/home/xgs/code/hello_world/install/hello_word' for CMake module files
[8.512s] Level 1:colcon.colcon_core.environment:checking '/home/xgs/code/hello_world/install/hello_word' for CMake config files
[8.512s] Level 1:colcon.colcon_core.shell:create_environment_hook('hello_word', 'cmake_prefix_path')
[8.513s] INFO:colcon.colcon_core.shell:Creating environment hook '/home/xgs/code/hello_world/install/hello_word/share/hello_word/hook/cmake_prefix_path.ps1'
[8.513s] INFO:colcon.colcon_core.shell:Creating environment descriptor '/home/xgs/code/hello_world/install/hello_word/share/hello_word/hook/cmake_prefix_path.dsv'
[8.514s] INFO:colcon.colcon_core.shell:Creating environment hook '/home/xgs/code/hello_world/install/hello_word/share/hello_word/hook/cmake_prefix_path.sh'
[8.515s] Level 1:colcon.colcon_core.environment:checking '/home/xgs/code/hello_world/install/hello_word/lib'
[8.515s] Level 1:colcon.colcon_core.environment:checking '/home/xgs/code/hello_world/install/hello_word/bin'
[8.515s] Level 1:colcon.colcon_core.environment:checking '/home/xgs/code/hello_world/install/hello_word/lib/pkgconfig/hello_word.pc'
[8.515s] Level 1:colcon.colcon_core.environment:checking '/home/xgs/code/hello_world/install/hello_word/lib/python3.10/site-packages'
[8.516s] Level 1:colcon.colcon_core.environment:checking '/home/xgs/code/hello_world/install/hello_word/bin'
[8.516s] INFO:colcon.colcon_core.shell:Creating package script '/home/xgs/code/hello_world/install/hello_word/share/hello_word/package.ps1'
[8.517s] INFO:colcon.colcon_core.shell:Creating package descriptor '/home/xgs/code/hello_world/install/hello_word/share/hello_word/package.dsv'
[8.518s] INFO:colcon.colcon_core.shell:Creating package script '/home/xgs/code/hello_world/install/hello_word/share/hello_word/package.sh'
[8.519s] INFO:colcon.colcon_core.shell:Creating package script '/home/xgs/code/hello_world/install/hello_word/share/hello_word/package.bash'
[8.519s] INFO:colcon.colcon_core.shell:Creating package script '/home/xgs/code/hello_world/install/hello_word/share/hello_word/package.zsh'
[8.520s] Level 1:colcon.colcon_core.environment:create_file_with_runtime_dependencies(/home/xgs/code/hello_world/install/hello_word/share/colcon-core/packages/hello_word)
[8.520s] DEBUG:colcon.colcon_parallel_executor.executor.parallel:closing loop
[8.521s] DEBUG:colcon.colcon_parallel_executor.executor.parallel:loop closed
[8.521s] DEBUG:colcon.colcon_parallel_executor.executor.parallel:run_until_complete finished with '0'
[8.521s] DEBUG:colcon.colcon_core.event_reactor:joining thread
[8.531s] INFO:colcon.colcon_core.plugin_system:Skipping extension 'colcon_notification.desktop_notification.terminal_notifier': Not used on non-Darwin systems
[8.531s] INFO:colcon.colcon_core.plugin_system:Skipping extension 'colcon_notification.desktop_notification.win32': Not used on non-Windows systems
[8.531s] INFO:colcon.colcon_notification.desktop_notification:Sending desktop notification using 'notify2'
[8.556s] DEBUG:colcon.colcon_core.event_reactor:joined thread
[8.557s] INFO:colcon.colcon_core.shell:Creating prefix script '/home/xgs/code/hello_world/install/local_setup.ps1'
[8.559s] INFO:colcon.colcon_core.shell:Creating prefix util module '/home/xgs/code/hello_world/install/_local_setup_util_ps1.py'
[8.562s] INFO:colcon.colcon_core.shell:Creating prefix chain script '/home/xgs/code/hello_world/install/setup.ps1'
[8.567s] INFO:colcon.colcon_core.shell:Creating prefix script '/home/xgs/code/hello_world/install/local_setup.sh'
[8.569s] INFO:colcon.colcon_core.shell:Creating prefix util module '/home/xgs/code/hello_world/install/_local_setup_util_sh.py'
[8.569s] INFO:colcon.colcon_core.shell:Creating prefix chain script '/home/xgs/code/hello_world/install/setup.sh'
[8.573s] INFO:colcon.colcon_core.shell:Creating prefix script '/home/xgs/code/hello_world/install/local_setup.bash'
[8.574s] INFO:colcon.colcon_core.shell:Creating prefix chain script '/home/xgs/code/hello_world/install/setup.bash'
[8.577s] INFO:colcon.colcon_core.shell:Creating prefix script '/home/xgs/code/hello_world/install/local_setup.zsh'
[8.578s] INFO:colcon.colcon_core.shell:Creating prefix chain script '/home/xgs/code/hello_world/install/setup.zsh'
